<?xml version="1.0" encoding="UTF-8" standalone="no"?>
<fileLog>
<createdFiles>
<entry name="lib\jackson-datatype-hibernate5-2.9.4.jar" shared="false" uninstallMode="2"/>
<entry name="webapp\resources\bootstrap\img\glyphicons-halflings.png" shared="false" uninstallMode="2"/>
<entry name="lib\dom4j-1.6.1.jar" shared="false" uninstallMode="2"/>
<entry name="jre\lib\jfr\default.jfc" shared="false" uninstallMode="3"/>
<entry name="jre\lib\ext\sunjce_provider.jar" shared="false" uninstallMode="3"/>
<entry name="jre\bin\fontmanager.dll" shared="false" uninstallMode="3"/>
<entry name="jre\bin\klist.exe" shared="false" uninstallMode="3"/>
<entry name="lib\spring-aop-5.3.18.jar" shared="false" uninstallMode="2"/>
<entry name="webapp\WEB-INF\templates\loader\backSweepInfo.ftl" shared="false" uninstallMode="2"/>
<entry name="jre\bin\api-ms-win-core-file-l1-1-0.dll" shared="false" uninstallMode="3"/>
<entry name="uninstallService.bat" shared="false" uninstallMode="2"/>
<entry name="webapp\resources\js\jquery.validate.additional-methods.min.js" shared="false" uninstallMode="2"/>
<entry name="jre\bin\sunec.dll" shared="false" uninstallMode="3"/>
<entry name="jre\bin\glib-lite.dll" shared="false" uninstallMode="3"/>
<entry name="webapp\resources\jquery-ui\images\ui-bg_glass_65_ffffff_1x400.png" shared="false" uninstallMode="2"/>
<entry name="jre\bin\api-ms-win-core-localization-l1-2-0.dll" shared="false" uninstallMode="3"/>
<entry name="lib\hibernate-ehcache-5.3.22.Final.jar" shared="false" uninstallMode="2"/>
<entry name="jre\lib\charsets.jar" shared="false" uninstallMode="3"/>
<entry name="jre\bin\javacpl.exe" shared="false" uninstallMode="3"/>
<entry name="jre\lib\i386\server\classes.jsa" shared="false" uninstallMode="0"/>
<entry name="jre\bin\unpack.dll" shared="false" uninstallMode="3"/>
<entry name="jre\bin\javaw.exe" shared="false" uninstallMode="3"/>
<entry name="webapp\WEB-INF\templates\loader\cursorInfo.ftl" shared="false" uninstallMode="2"/>
<entry name="lib\sysout-over-slf4j-1.0.2.jar" shared="false" uninstallMode="2"/>
<entry name="lib\jboss-logging-3.4.2.Final.jar" shared="false" uninstallMode="2"/>
<entry name=".install4j\inst_jre.cfg" shared="false" uninstallMode="0"/>
<entry name="jre\bin\ucrtbase.dll" shared="false" uninstallMode="3"/>
<entry name="lib\spring-web-5.3.18.jar" shared="false" uninstallMode="2"/>
<entry name=".install4j\pref_jre.cfg" shared="false" uninstallMode="0"/>
<entry name="jre\bin\t2k.dll" shared="false" uninstallMode="3"/>
<entry name="jre\lib\security\policy\unlimited\local_policy.jar" shared="false" uninstallMode="3"/>
<entry name="jre\bin\client\classes.jsa" shared="false" uninstallMode="0"/>
<entry name="jre\lib\images\cursors\win32_LinkDrop32x32.gif" shared="false" uninstallMode="3"/>
<entry name="lib\javassist-3.27.0-GA.jar" shared="false" uninstallMode="2"/>
<entry name="jre\bin\bci.dll" shared="false" uninstallMode="3"/>
<entry name="jre\lib\jfr\profile.jfc" shared="false" uninstallMode="3"/>
<entry name="jre\bin\concrt140.dll" shared="false" uninstallMode="3"/>
<entry name="webapp\resources\jquery-ui\images\ui-bg_glass_75_dadada_1x400.png" shared="false" uninstallMode="2"/>
<entry name="jre\bin\dt_shmem.dll" shared="false" uninstallMode="3"/>
<entry name="jre\bin\jfr.dll" shared="false" uninstallMode="3"/>
<entry name="jre\lib\deploy\messages_zh_TW.properties" shared="false" uninstallMode="3"/>
<entry name="jre\bin\JavaAccessBridge.dll" shared="false" uninstallMode="3"/>
<entry name="lib\jackson-core-2.9.4.jar" shared="false" uninstallMode="2"/>
<entry name="lib\jetty-io-9.4.44.v20210927.jar" shared="false" uninstallMode="2"/>
<entry name="webapp\resources\jquery-ui\jquery-ui-1.9.0.custom.min.css" shared="false" uninstallMode="2"/>
<entry name="jre\bin\mlib_image.dll" shared="false" uninstallMode="3"/>
<entry name="lib\jetty-server-9.4.44.v20210927.jar" shared="false" uninstallMode="2"/>
<entry name="greytipastra.exe" shared="false" uninstallMode="2"/>
<entry name="jre\lib\images\cursors\cursors.properties" shared="false" uninstallMode="3"/>
<entry name="jre\lib\i386\client\classes.jsa" shared="false" uninstallMode="0"/>
<entry name="webapp\resources\bootstrap\css\bootstrap.min.css" shared="false" uninstallMode="2"/>
<entry name="webapp\resources\images\inner-bg.png" shared="false" uninstallMode="2"/>
<entry name="jre\lib\calendars.properties" shared="false" uninstallMode="3"/>
<entry name="lib\jetty-security-9.4.44.v20210927.jar" shared="false" uninstallMode="2"/>
<entry name="jre\README.txt" shared="false" uninstallMode="3"/>
<entry name="jre\lib\amd64\client\classes.jsa" shared="false" uninstallMode="0"/>
<entry name="lib\bcmail-jdk14-138.jar" shared="false" uninstallMode="2"/>
<entry name="webapp\resources\js\jquery.validate.min.js" shared="false" uninstallMode="2"/>
<entry name="jre\lib\deploy\messages_ko.properties" shared="false" uninstallMode="3"/>
<entry name="jre\lib\jvm.hprof.txt" shared="false" uninstallMode="3"/>
<entry name="jre\bin\api-ms-win-core-sysinfo-l1-1-0.dll" shared="false" uninstallMode="3"/>
<entry name="jre\bin\jsound.dll" shared="false" uninstallMode="3"/>
<entry name="lib\xml-apis-1.0.b2.jar" shared="false" uninstallMode="2"/>
<entry name="jre\lib\cmm\sRGB.pf" shared="false" uninstallMode="3"/>
<entry name="webapp\resources\images\greytip-online-logo.png" shared="false" uninstallMode="2"/>
<entry name="jre\lib\security\policy\limited\US_export_policy.jar" shared="false" uninstallMode="3"/>
<entry name="webapp\resources\bootstrap\bootstrap.min.js" shared="false" uninstallMode="2"/>
<entry name="jre\bin\server\classes.jsa" shared="false" uninstallMode="0"/>
<entry name="jre\bin\api-ms-win-core-memory-l1-1-0.dll" shared="false" uninstallMode="3"/>
<entry name="jre\lib\cmm\CIEXYZ.pf" shared="false" uninstallMode="3"/>
<entry name="jre\bin\client\Xusage.txt" shared="false" uninstallMode="3"/>
<entry name="webapp\resources\images\top-band.png" shared="false" uninstallMode="2"/>
<entry name="jre\lib\management\snmp.acl.template" shared="false" uninstallMode="3"/>
<entry name="jre\bin\jp2native.dll" shared="false" uninstallMode="3"/>
<entry name="lib\spring-tx-5.3.18.jar" shared="false" uninstallMode="2"/>
<entry name="jre\lib\images\cursors\win32_LinkNoDrop32x32.gif" shared="false" uninstallMode="3"/>
<entry name="jre\lib\management\jmxremote.password.template" shared="false" uninstallMode="3"/>
<entry name="webapp\resources\images\footer-bg.png" shared="false" uninstallMode="2"/>
<entry name="jre\bin\api-ms-win-core-processthreads-l1-1-0.dll" shared="false" uninstallMode="3"/>
<entry name="jre\lib\ext\dnsns.jar" shared="false" uninstallMode="3"/>
<entry name="lib\spring-context-support-5.3.18.jar" shared="false" uninstallMode="2"/>
<entry name="jre\lib\fonts\LucidaBrightDemiItalic.ttf" shared="false" uninstallMode="3"/>
<entry name="jre\bin\api-ms-win-core-string-l1-1-0.dll" shared="false" uninstallMode="3"/>
<entry name="jre\lib\deploy\splash@2x.gif" shared="false" uninstallMode="3"/>
<entry name="lib\httpcore-4.3.2.jar" shared="false" uninstallMode="2"/>
<entry name="jre\bin\policytool.exe" shared="false" uninstallMode="3"/>
<entry name="webapp\resources\jquery-ui\images\ui-icons_888888_256x240.png" shared="false" uninstallMode="2"/>
<entry name="jre\bin\javacpl.cpl" shared="false" uninstallMode="3"/>
<entry name="jre\bin\keytool.exe" shared="false" uninstallMode="3"/>
<entry name="webapp\resources\js\loader\home.js" shared="false" uninstallMode="2"/>
<entry name="webapp\resources\jquery-ui\images\ui-bg_flat_75_ffffff_40x100.png" shared="false" uninstallMode="2"/>
<entry name="lib\jta-1.1.jar" shared="false" uninstallMode="2"/>
<entry name="jre\bin\gstreamer-lite.dll" shared="false" uninstallMode="3"/>
<entry name="lib\stax-ex-1.8.jar" shared="false" uninstallMode="2"/>
<entry name="lib\xmlbeans-2.3.0.jar" shared="false" uninstallMode="2"/>
<entry name="jre\lib\security\blacklisted.certs" shared="false" uninstallMode="3"/>
<entry name="jre\bin\api-ms-win-crt-locale-l1-1-0.dll" shared="false" uninstallMode="3"/>
<entry name="webapp\resources\js\loader\cursorInfo.js" shared="false" uninstallMode="2"/>
<entry name="webapp\resources\js\jquery-timeago.js" shared="false" uninstallMode="2"/>
<entry name="jre\bin\jp2iexp.dll" shared="false" uninstallMode="3"/>
<entry name="lib\commons-lang3-3.1.jar" shared="false" uninstallMode="2"/>
<entry name="jre\bin\ktab.exe" shared="false" uninstallMode="3"/>
<entry name="jre\lib\management\jmxremote.access" shared="false" uninstallMode="3"/>
<entry name="jre\bin\api-ms-win-core-timezone-l1-1-0.dll" shared="false" uninstallMode="3"/>
<entry name="jre\bin\api-ms-win-crt-convert-l1-1-0.dll" shared="false" uninstallMode="3"/>
<entry name="lib\checker-qual-3.5.0.jar" shared="false" uninstallMode="2"/>
<entry name="webapp\favicon.png" shared="false" uninstallMode="2"/>
<entry name="lib\datapipeline-2.2.7.jar" shared="false" uninstallMode="2"/>
<entry name="jre\lib\deploy\messages_pt_BR.properties" shared="false" uninstallMode="3"/>
<entry name="jre\lib\security\javaws.policy" shared="false" uninstallMode="3"/>
<entry name="jre\lib\tzmappings" shared="false" uninstallMode="3"/>
<entry name="jre\lib\security\policy\unlimited\US_export_policy.jar" shared="false" uninstallMode="3"/>
<entry name="lib\jetty-webapp-9.4.44.v20210927.jar" shared="false" uninstallMode="2"/>
<entry name="jre\lib\images\cursors\win32_MoveNoDrop32x32.gif" shared="false" uninstallMode="3"/>
<entry name="jre\bin\JavaAccessBridge-32.dll" shared="false" uninstallMode="3"/>
<entry name="lib\logback-core-1.2.9.jar" shared="false" uninstallMode="2"/>
<entry name="webapp\resources\select2\spinner.gif" shared="false" uninstallMode="2"/>
<entry name="jre\lib\ext\sunec.jar" shared="false" uninstallMode="3"/>
<entry name="uninstall.exe" shared="false" uninstallMode="0"/>
<entry name="webapp\resources\jquery-ui\images\ui-bg_glass_95_fef1ec_1x400.png" shared="false" uninstallMode="2"/>
<entry name="jre\bin\jfxwebkit.dll" shared="false" uninstallMode="3"/>
<entry name="jre\bin\api-ms-win-core-synch-l1-1-0.dll" shared="false" uninstallMode="3"/>
<entry name="jre\bin\api-ms-win-core-handle-l1-1-0.dll" shared="false" uninstallMode="3"/>
<entry name="jre\lib\jfxswt.jar" shared="false" uninstallMode="3"/>
<entry name="lib\slf4j-api-1.7.32.jar" shared="false" uninstallMode="2"/>
<entry name="jre\bin\api-ms-win-core-processenvironment-l1-1-0.dll" shared="false" uninstallMode="3"/>
<entry name=".install4j\i4jruntime.jar" shared="false" uninstallMode="2"/>
<entry name="jre\bin\jpeg.dll" shared="false" uninstallMode="3"/>
<entry name="lib\jackson-datatype-joda-2.0.4.jar" shared="false" uninstallMode="2"/>
<entry name="jre\lib\hijrah-config-umalqura.properties" shared="false" uninstallMode="3"/>
<entry name="jre\lib\fonts\LucidaBrightRegular.ttf" shared="false" uninstallMode="3"/>
<entry name="lib\commons-compress-1.10.jar" shared="false" uninstallMode="2"/>
<entry name="webapp\WEB-INF\templates\loader\loaderInfo.ftl" shared="false" uninstallMode="2"/>
<entry name="lib\jandex-2.0.5.Final.jar" shared="false" uninstallMode="2"/>
<entry name="lib\commons-fileupload-1.3.3.jar" shared="false" uninstallMode="2"/>
<entry name="webapp\WEB-INF\templates\login.ftl" shared="false" uninstallMode="2"/>
<entry name=".install4j\i4jdel.exe" shared="false" uninstallMode="0"/>
<entry name="jre\bin\jdwp.dll" shared="false" uninstallMode="3"/>
<entry name="jre\bin\api-ms-win-core-rtlsupport-l1-1-0.dll" shared="false" uninstallMode="3"/>
<entry name="jre\bin\client\jvm.dll" shared="false" uninstallMode="3"/>
<entry name="jre\lib\cmm\LINEAR_RGB.pf" shared="false" uninstallMode="3"/>
<entry name="lib\itext-2.0.7.jar" shared="false" uninstallMode="2"/>
<entry name="installService.bat" shared="false" uninstallMode="2"/>
<entry name="jre\bin\api-ms-win-crt-stdio-l1-1-0.dll" shared="false" uninstallMode="3"/>
<entry name="jre\Welcome.html" shared="false" uninstallMode="3"/>
<entry name="asca-4.0.8.jar" shared="false" uninstallMode="2"/>
<entry name=".install4j\MessagesDefault" shared="false" uninstallMode="2"/>
<entry name=".install4j\i4jparams.conf" shared="false" uninstallMode="2"/>
<entry name="jre\lib\deploy\ffjcext.zip" shared="false" uninstallMode="3"/>
<entry name="jre\lib\plugin.jar" shared="false" uninstallMode="3"/>
<entry name="lib\hibernate-commons-annotations-5.0.5.Final.jar" shared="false" uninstallMode="2"/>
<entry name="webapp\resources\bootstrap\img\glyphicons-halflings-white.png" shared="false" uninstallMode="2"/>
<entry name="webapp\resources\utils.js" shared="false" uninstallMode="2"/>
<entry name="lib\istack-commons-runtime-3.0.7.jar" shared="false" uninstallMode="2"/>
<entry name="maven-status\maven-compiler-plugin\testCompile\default-testCompile\createdFiles.lst" shared="false" uninstallMode="2"/>
<entry name="jre\bin\api-ms-win-crt-math-l1-1-0.dll" shared="false" uninstallMode="3"/>
<entry name="jre\bin\npt.dll" shared="false" uninstallMode="3"/>
<entry name=".install4j\i4jinst.dll" shared="false" uninstallMode="0"/>
<entry name="jre\bin\api-ms-win-crt-string-l1-1-0.dll" shared="false" uninstallMode="3"/>
<entry name="lib\spring-webmvc-5.3.18.jar" shared="false" uninstallMode="2"/>
<entry name="webapp\resources\jquery-ui\images\ui-icons_222222_256x240.png" shared="false" uninstallMode="2"/>
<entry name="jre\bin\fxplugins.dll" shared="false" uninstallMode="3"/>
<entry name="lib\byte-buddy-1.11.12.jar" shared="false" uninstallMode="2"/>
<entry name="jre\bin\api-ms-win-core-console-l1-1-0.dll" shared="false" uninstallMode="3"/>
<entry name="webapp\resources\images\status-icons.png" shared="false" uninstallMode="2"/>
<entry name="jre\lib\ext\jfxrt.jar" shared="false" uninstallMode="3"/>
<entry name="jre\bin\api-ms-win-core-interlocked-l1-1-0.dll" shared="false" uninstallMode="3"/>
<entry name="jre\bin\api-ms-win-core-profile-l1-1-0.dll" shared="false" uninstallMode="3"/>
<entry name="jre\bin\api-ms-win-core-namedpipe-l1-1-0.dll" shared="false" uninstallMode="3"/>
<entry name="jre\lib\fonts\LucidaSansDemiBold.ttf" shared="false" uninstallMode="3"/>
<entry name="jre\bin\pack200.exe" shared="false" uninstallMode="3"/>
<entry name="jre\lib\deploy\messages_sv.properties" shared="false" uninstallMode="3"/>
<entry name="jre\lib\security\blacklist" shared="false" uninstallMode="3"/>
<entry name="jre\bin\WindowsAccessBridge.dll" shared="false" uninstallMode="3"/>
<entry name="jre\lib\security\cacerts" shared="false" uninstallMode="3"/>
<entry name="jre\bin\api-ms-win-core-libraryloader-l1-1-0.dll" shared="false" uninstallMode="3"/>
<entry name="webapp\WEB-INF\templates\freemarker\header-resources.ftl" shared="false" uninstallMode="2"/>
<entry name="lib\junit-3.8.1.jar" shared="false" uninstallMode="2"/>
<entry name="lib\jboss-transaction-api_1.2_spec-1.1.1.Final.jar" shared="false" uninstallMode="2"/>
<entry name="webapp\resources\jquery-ui\images\ui-bg_highlight-soft_75_cccccc_1x100.png" shared="false" uninstallMode="2"/>
<entry name="asca-4.0.7.jar" shared="false" uninstallMode="2"/>
<entry name="webapp\resources\images\raindrops.png" shared="false" uninstallMode="2"/>
<entry name="jre\bin\api-ms-win-core-heap-l1-1-0.dll" shared="false" uninstallMode="3"/>
<entry name="lib\jackson-annotations-2.9.4.jar" shared="false" uninstallMode="2"/>
<entry name="lib\jackson-databind-2.9.4.jar" shared="false" uninstallMode="2"/>
<entry name="jre\bin\prism_sw.dll" shared="false" uninstallMode="3"/>
<entry name="lib\FastInfoset-1.2.15.jar" shared="false" uninstallMode="2"/>
<entry name="jre\bin\sunmscapi.dll" shared="false" uninstallMode="3"/>
<entry name="jre\lib\security\java.policy" shared="false" uninstallMode="3"/>
<entry name="jre\lib\i386\jvm.cfg" shared="false" uninstallMode="3"/>
<entry name="jre\bin\api-ms-win-crt-process-l1-1-0.dll" shared="false" uninstallMode="3"/>
<entry name="lib\javassist-3.12.1.GA.jar" shared="false" uninstallMode="2"/>
<entry name="lib\jackson-module-jaxb-annotations-2.9.4.jar" shared="false" uninstallMode="2"/>
<entry name="jre\bin\instrument.dll" shared="false" uninstallMode="3"/>
<entry name="lib\spring-jdbc-5.3.18.jar" shared="false" uninstallMode="2"/>
<entry name=".install4j\bgupdater.exe" shared="false" uninstallMode="0"/>
<entry name="lib\bcprov-jdk14-138.jar" shared="false" uninstallMode="2"/>
<entry name="lib\joda-time-2.8.2.jar" shared="false" uninstallMode="2"/>
<entry name=".install4j\i4j_extf_5_1ou2k3i_259ij1.png" shared="false" uninstallMode="2"/>
<entry name=".install4j\installer.ico" shared="false" uninstallMode="2"/>
<entry name="webapp\WEB-INF\templates\loader\setup.ftl" shared="false" uninstallMode="2"/>
<entry name="jre\bin\java_crw_demo.dll" shared="false" uninstallMode="3"/>
<entry name="jre\bin\JAWTAccessBridge-32.dll" shared="false" uninstallMode="3"/>
<entry name="jre\lib\jce.jar" shared="false" uninstallMode="3"/>
<entry name="lib\classmate-1.5.1.jar" shared="false" uninstallMode="2"/>
<entry name="jre\bin\msvcr100.dll" shared="false" uninstallMode="3"/>
<entry name="jre\bin\orbd.exe" shared="false" uninstallMode="3"/>
<entry name="jre\lib\deploy\messages_es.properties" shared="false" uninstallMode="3"/>
<entry name="jre\lib\ext\sunmscapi.jar" shared="false" uninstallMode="3"/>
<entry name="jre\bin\net.dll" shared="false" uninstallMode="3"/>
<entry name="lib\poi-ooxml-schemas-3.8.jar" shared="false" uninstallMode="2"/>
<entry name="webapp\resources\js\loader\loaderInfo.js" shared="false" uninstallMode="2"/>
<entry name="jre\bin\api-ms-win-core-datetime-l1-1-0.dll" shared="false" uninstallMode="3"/>
<entry name="jre\lib\management\management.properties" shared="false" uninstallMode="3"/>
<entry name="webapp\resources\images\settings-icon.png" shared="false" uninstallMode="2"/>
<entry name=".install4j\i4j_extf_6_1ou2k3i_18gg8kx.png" shared="false" uninstallMode="2"/>
<entry name="jre\lib\images\cursors\invalid32x32.gif" shared="false" uninstallMode="3"/>
<entry name="webapp\resources\jquery-ui\jquery-ui-1.9.0.custom.min.js" shared="false" uninstallMode="2"/>
<entry name="jre\bin\glass.dll" shared="false" uninstallMode="3"/>
<entry name=".install4j\i4j_extf_6_1ou2k3i_18gg8kx@2x.png" shared="false" uninstallMode="2"/>
<entry name="webapp\resources\js\loader\backSweepInfo.js" shared="false" uninstallMode="2"/>
<entry name="lib\sqljdbc4-4.0.jar" shared="false" uninstallMode="2"/>
<entry name="jre\bin\decora_sse.dll" shared="false" uninstallMode="3"/>
<entry name="jre\lib\deploy\messages_de.properties" shared="false" uninstallMode="3"/>
<entry name="lib\jxl-2.6.12.jar" shared="false" uninstallMode="2"/>
<entry name="jre\bin\resource.dll" shared="false" uninstallMode="3"/>
<entry name="jre\lib\ext\access-bridge.jar" shared="false" uninstallMode="3"/>
<entry name="lib\postgresql-9.1-901.jdbc4.jar" shared="false" uninstallMode="2"/>
<entry name="webapp\resources\images\gt-astra-logo.png" shared="false" uninstallMode="2"/>
<entry name="lib\jetty-servlet-9.4.44.v20210927.jar" shared="false" uninstallMode="2"/>
<entry name="webapp\resources\styles.less" shared="false" uninstallMode="2"/>
<entry name=".install4j\stats.properties" shared="false" uninstallMode="2"/>
<entry name="lib\mysql-connector-java-8.0.11.jar" shared="false" uninstallMode="2"/>
<entry name="jre\lib\fonts\LucidaBrightDemiBold.ttf" shared="false" uninstallMode="3"/>
<entry name="webapp\resources\js\loader\setting.js" shared="false" uninstallMode="2"/>
<entry name="webapp\WEB-INF\templates\loader\setting.ftl" shared="false" uninstallMode="2"/>
<entry name="jre\lib\security\trusted.libraries" shared="false" uninstallMode="3"/>
<entry name="lib\txw2-2.3.1.jar" shared="false" uninstallMode="2"/>
<entry name="webapp\resources\select2\select2x2.png" shared="false" uninstallMode="2"/>
<entry name="lib\log4j-over-slf4j-1.6.6.jar" shared="false" uninstallMode="2"/>
<entry name="jre\lib\security\java.security" shared="false" uninstallMode="3"/>
<entry name="lib\spring-context-5.3.18.jar" shared="false" uninstallMode="2"/>
<entry name="jre\bin\rmid.exe" shared="false" uninstallMode="3"/>
<entry name="webapp\resources\select2\select2.min.js" shared="false" uninstallMode="2"/>
<entry name="jre\bin\java-rmi.exe" shared="false" uninstallMode="3"/>
<entry name="lib\jetty-util-9.4.44.v20210927.jar" shared="false" uninstallMode="2"/>
<entry name=".install4j\launchers.xml" shared="false" uninstallMode="2"/>
<entry name="lib\httpclient-4.3.3.jar" shared="false" uninstallMode="2"/>
<entry name="jre\lib\fonts\LucidaSansRegular.ttf" shared="false" uninstallMode="3"/>
<entry name="jre\THIRDPARTYLICENSEREADME.txt" shared="false" uninstallMode="3"/>
<entry name="jre\COPYRIGHT" shared="false" uninstallMode="3"/>
<entry name="jre\lib\deploy\splash_11@2x-lic.gif" shared="false" uninstallMode="3"/>
<entry name="lib\logback-classic-1.2.9.jar" shared="false" uninstallMode="2"/>
<entry name="webapp\resources\jquery-ui\images\ui-bg_glass_55_fbf9ee_1x400.png" shared="false" uninstallMode="2"/>
<entry name="jre\lib\content-types.properties" shared="false" uninstallMode="3"/>
<entry name="lib\jaxb-api-2.3.1.jar" shared="false" uninstallMode="2"/>
<entry name="jre\bin\splashscreen.dll" shared="false" uninstallMode="3"/>
<entry name="jre\bin\jfxmedia.dll" shared="false" uninstallMode="3"/>
<entry name="webapp\WEB-INF\templates\freemarker\bottom-bar.ftl" shared="false" uninstallMode="2"/>
<entry name="jre\bin\api-ms-win-crt-heap-l1-1-0.dll" shared="false" uninstallMode="3"/>
<entry name="jre\bin\jsoundds.dll" shared="false" uninstallMode="3"/>
<entry name="jre\lib\sound.properties" shared="false" uninstallMode="3"/>
<entry name="jre\lib\ext\jaccess.jar" shared="false" uninstallMode="3"/>
<entry name="lib\derby-10.9.1.0.jar" shared="false" uninstallMode="2"/>
<entry name="webapp\resources\js\jquery-1.8.1.min.js" shared="false" uninstallMode="2"/>
<entry name=".install4j\i4j_extf_3_1ou2k3i_un9apv.png" shared="false" uninstallMode="2"/>
<entry name="jre\lib\accessibility.properties" shared="false" uninstallMode="3"/>
<entry name="jre\bin\api-ms-win-crt-filesystem-l1-1-0.dll" shared="false" uninstallMode="3"/>
<entry name="jre\bin\jp2launcher.exe" shared="false" uninstallMode="3"/>
<entry name="jre\lib\psfont.properties.ja" shared="false" uninstallMode="3"/>
<entry name="jre\bin\jli.dll" shared="false" uninstallMode="3"/>
<entry name="jre\lib\ext\cldrdata.jar" shared="false" uninstallMode="3"/>
<entry name="lib\jackcess-2.2.3.jar" shared="false" uninstallMode="2"/>
<entry name="jre\bin\deploy.dll" shared="false" uninstallMode="3"/>
<entry name="jre\bin\unpack200.exe" shared="false" uninstallMode="3"/>
<entry name="lib\ucanaccess-4.0.4.1.jar" shared="false" uninstallMode="2"/>
<entry name=".install4j\installation.log" shared="false" uninstallMode="0"/>
<entry name=".install4j\install.prop" shared="false" uninstallMode="0"/>
<entry name="jre\bin\api-ms-win-crt-multibyte-l1-1-0.dll" shared="false" uninstallMode="3"/>
<entry name="lib\dom4j-2.1.3.jar" shared="false" uninstallMode="2"/>
<entry name="webapp\WEB-INF\templates\freemarker\footer-resources.ftl" shared="false" uninstallMode="2"/>
<entry name="webapp\resources\images\18-x18-icon.png" shared="false" uninstallMode="2"/>
<entry name="maven-status\maven-compiler-plugin\compile\default-compile\inputFiles.lst" shared="false" uninstallMode="2"/>
<entry name="lib\jasypt-1.6.jar" shared="false" uninstallMode="2"/>
<entry name="webapp\resources\select2\select2.js" shared="false" uninstallMode="2"/>
<entry name=".install4j\autoUninstall.1" shared="false" uninstallMode="0"/>
<entry name="webapp\resources\images\32-x-32-icon.png" shared="false" uninstallMode="2"/>
<entry name="jre\bin\api-ms-win-crt-environment-l1-1-0.dll" shared="false" uninstallMode="3"/>
<entry name="webapp\WEB-INF\templates\freemarker\top-bar.ftl" shared="false" uninstallMode="2"/>
<entry name="lib\antlr-2.7.5.jar" shared="false" uninstallMode="2"/>
<entry name="lib\ant-launcher-1.8.2.jar" shared="false" uninstallMode="2"/>
<entry name="lib\commons-lang-2.1.jar" shared="false" uninstallMode="2"/>
<entry name="lib\poi-excelant-3.8.jar" shared="false" uninstallMode="2"/>
<entry name="jre\bin\lcms.dll" shared="false" uninstallMode="3"/>
<entry name="jre\lib\jsse.jar" shared="false" uninstallMode="3"/>
<entry name="jre\bin\ssv.dll" shared="false" uninstallMode="3"/>
<entry name="jre\lib\ext\meta-index" shared="false" uninstallMode="3"/>
<entry name="webapp\resources\select2\select2.css" shared="false" uninstallMode="2"/>
<entry name="jre\bin\rmiregistry.exe" shared="false" uninstallMode="3"/>
<entry name="jre\lib\logging.properties" shared="false" uninstallMode="3"/>
<entry name="jre\lib\ext\nashorn.jar" shared="false" uninstallMode="3"/>
<entry name="lib\hibernate-core-5.3.22.Final.jar" shared="false" uninstallMode="2"/>
<entry name="jre\bin\eula.dll" shared="false" uninstallMode="3"/>
<entry name="webapp\resources\js\loader\setup.js" shared="false" uninstallMode="2"/>
<entry name="maven-status\maven-compiler-plugin\compile\default-compile\createdFiles.lst" shared="false" uninstallMode="2"/>
<entry name="jre\lib\rt.jar" shared="false" uninstallMode="3"/>
<entry name="lib\poi-3.8.jar" shared="false" uninstallMode="2"/>
<entry name="jre\lib\cmm\PYCC.pf" shared="false" uninstallMode="3"/>
<entry name="jre\bin\jjs.exe" shared="false" uninstallMode="3"/>
<entry name="jre\lib\fonts\LucidaBrightItalic.ttf" shared="false" uninstallMode="3"/>
<entry name=".install4j\uninstallPrevious.log" shared="false" uninstallMode="2"/>
<entry name="jre\bin\java.exe" shared="false" uninstallMode="3"/>
<entry name="jre\bin\wsdetect.dll" shared="false" uninstallMode="3"/>
<entry name="lib\asm-3.3.1.jar" shared="false" uninstallMode="2"/>
<entry name="lib\commons-collections-3.2.2.jar" shared="false" uninstallMode="2"/>
<entry name="jre\bin\ssvagent.exe" shared="false" uninstallMode="3"/>
<entry name="jre\bin\prism_common.dll" shared="false" uninstallMode="3"/>
<entry name="lib\javax.persistence-api-2.2.jar" shared="false" uninstallMode="2"/>
<entry name="lib\spring-expression-5.3.18.jar" shared="false" uninstallMode="2"/>
<entry name="jre\bin\javafx_iio.dll" shared="false" uninstallMode="3"/>
<entry name="C:\ProgramData\Microsoft\Windows\Start Menu\Programs\Greytip Astra\Greytip Astra Uninstaller.lnk" shared="false" uninstallMode="2"/>
<entry name="jre\bin\api-ms-win-crt-runtime-l1-1-0.dll" shared="false" uninstallMode="3"/>
<entry name="jre\lib\fontconfig.bfc" shared="false" uninstallMode="3"/>
<entry name="lib\poi-scratchpad-3.8.jar" shared="false" uninstallMode="2"/>
<entry name="maven-status\maven-compiler-plugin\testCompile\default-testCompile\inputFiles.lst" shared="false" uninstallMode="2"/>
<entry name="jre\bin\jaas_nt.dll" shared="false" uninstallMode="3"/>
<entry name="jre\bin\tnameserv.exe" shared="false" uninstallMode="3"/>
<entry name="jre\lib\security\policy\limited\local_policy.jar" shared="false" uninstallMode="3"/>
<entry name="webapp\WEB-INF\templates\freemarker\macro.ftl" shared="false" uninstallMode="2"/>
<entry name="jre\bin\api-ms-win-crt-time-l1-1-0.dll" shared="false" uninstallMode="3"/>
<entry name=".install4j\user.jar" shared="false" uninstallMode="2"/>
<entry name="jre\lib\classlist" shared="false" uninstallMode="3"/>
<entry name="jre\lib\cmm\GRAY.pf" shared="false" uninstallMode="3"/>
<entry name="jre\bin\servertool.exe" shared="false" uninstallMode="3"/>
<entry name="jre\bin\api-ms-win-crt-private-l1-1-0.dll" shared="false" uninstallMode="3"/>
<entry name="webapp\resources\jquery-ui\images\ui-bg_flat_0_aaaaaa_40x100.png" shared="false" uninstallMode="2"/>
<entry name="webapp\resources\jquery-ui\images\ui-icons_454545_256x240.png" shared="false" uninstallMode="2"/>
<entry name=".install4j\i4j_extf_4_1ou2k3i_1xth8wx.png" shared="false" uninstallMode="2"/>
<entry name="jre\bin\api-ms-win-core-debug-l1-1-0.dll" shared="false" uninstallMode="3"/>
<entry name="jre\bin\JAWTAccessBridge.dll" shared="false" uninstallMode="3"/>
<entry name="jre\bin\jsdt.dll" shared="false" uninstallMode="3"/>
<entry name="lib\javax.servlet-api-3.1.0.jar" shared="false" uninstallMode="2"/>
<entry name="jre\lib\meta-index" shared="false" uninstallMode="3"/>
<entry name="jre\lib\tzdb.dat" shared="false" uninstallMode="3"/>
<entry name="jre\bin\api-ms-win-crt-conio-l1-1-0.dll" shared="false" uninstallMode="3"/>
<entry name="webapp\WEB-INF\web.xml" shared="false" uninstallMode="2"/>
<entry name="jre\lib\ext\sunpkcs11.jar" shared="false" uninstallMode="3"/>
<entry name="lib\jtds-1.2.2.jar" shared="false" uninstallMode="2"/>
<entry name="jre\lib\deploy\messages_ja.properties" shared="false" uninstallMode="3"/>
<entry name="jre\bin\jabswitch.exe" shared="false" uninstallMode="3"/>
<entry name="jre\LICENSE" shared="false" uninstallMode="3"/>
<entry name="jre\bin\api-ms-win-crt-utility-l1-1-0.dll" shared="false" uninstallMode="3"/>
<entry name="jre\bin\javafx_font_t2k.dll" shared="false" uninstallMode="3"/>
<entry name="jre\lib\ext\localedata.jar" shared="false" uninstallMode="3"/>
<entry name="lib\freemarker-2.3.28.jar" shared="false" uninstallMode="2"/>
<entry name="lib\ojdbc-ojdbc4.jar" shared="false" uninstallMode="2"/>
<entry name="jre\bin\WindowsAccessBridge-32.dll" shared="false" uninstallMode="3"/>
<entry name="webapp\resources\js\json2.js" shared="false" uninstallMode="2"/>
<entry name="jre\lib\images\cursors\win32_MoveDrop32x32.gif" shared="false" uninstallMode="3"/>
<entry name="jre\lib\sparc\client\classes.jsa" shared="false" uninstallMode="0"/>
<entry name="jre\lib\deploy\messages.properties" shared="false" uninstallMode="3"/>
<entry name="jre\lib\deploy\splash.gif" shared="false" uninstallMode="3"/>
<entry name=".install4j\i4j_extf_0_1ou2k3i.utf8" shared="false" uninstallMode="2"/>
<entry name="jre\bin\verify.dll" shared="false" uninstallMode="3"/>
<entry name=".install4j\i4j_extf_2_1ou2k3i_vd2dea.png" shared="false" uninstallMode="2"/>
<entry name="jre\lib\deploy\messages_zh_CN.properties" shared="false" uninstallMode="3"/>
<entry name="jre\lib\ext\zipfs.jar" shared="false" uninstallMode="3"/>
<entry name="lib\spring-beans-5.3.18.jar" shared="false" uninstallMode="2"/>
<entry name="jre\bin\api-ms-win-core-util-l1-1-0.dll" shared="false" uninstallMode="3"/>
<entry name=".install4j\response.varfile" shared="false" uninstallMode="0"/>
<entry name="jre\bin\hprof.dll" shared="false" uninstallMode="3"/>
<entry name="jre\lib\deploy\messages_it.properties" shared="false" uninstallMode="3"/>
<entry name="jre\lib\sparc\server\classes.jsa" shared="false" uninstallMode="0"/>
<entry name="webapp\resources\js\jsrender.js" shared="false" uninstallMode="2"/>
<entry name="lib\protobuf-java-2.6.0.jar" shared="false" uninstallMode="2"/>
<entry name="lib\jetty-util-ajax-9.4.44.v20210927.jar" shared="false" uninstallMode="2"/>
<entry name="jre\lib\deploy.jar" shared="false" uninstallMode="3"/>
<entry name="lib\ant-1.8.2.jar" shared="false" uninstallMode="2"/>
<entry name="webapp\resources\js\jquery.form.js" shared="false" uninstallMode="2"/>
<entry name="jre\lib\fonts\LucidaTypewriterBold.ttf" shared="false" uninstallMode="3"/>
<entry name="jre\lib\images\cursors\win32_CopyNoDrop32x32.gif" shared="false" uninstallMode="3"/>
<entry name="lib\commons-io-2.1.jar" shared="false" uninstallMode="2"/>
<entry name="jre\lib\deploy\splash_11-lic.gif" shared="false" uninstallMode="3"/>
<entry name="jre\lib\deploy\messages_zh_HK.properties" shared="false" uninstallMode="3"/>
<entry name="jre\bin\management.dll" shared="false" uninstallMode="3"/>
<entry name="webapp\resources\images\setup-bg.jpg" shared="false" uninstallMode="2"/>
<entry name="jre\lib\fontconfig.properties.src" shared="false" uninstallMode="3"/>
<entry name=".install4j\i4j_extf_1_1ou2k3i_x7nby6.png" shared="false" uninstallMode="2"/>
<entry name="jre\bin\j2pcsc.dll" shared="false" uninstallMode="3"/>
<entry name="jre\bin\vcruntime140.dll" shared="false" uninstallMode="3"/>
<entry name="lib\commons-daemon-1.0.15.jar" shared="false" uninstallMode="2"/>
<entry name="jre\bin\api-ms-win-core-errorhandling-l1-1-0.dll" shared="false" uninstallMode="3"/>
<entry name="lib\spring-jcl-5.3.18.jar" shared="false" uninstallMode="2"/>
<entry name="jre\bin\api-ms-win-core-synch-l1-2-0.dll" shared="false" uninstallMode="3"/>
<entry name="jre\bin\nio.dll" shared="false" uninstallMode="3"/>
<entry name="jre\lib\ext\access-bridge-32.jar" shared="false" uninstallMode="3"/>
<entry name="jre\lib\resources.jar" shared="false" uninstallMode="3"/>
<entry name="jre\lib\net.properties" shared="false" uninstallMode="3"/>
<entry name="jre\lib\management-agent.jar" shared="false" uninstallMode="3"/>
<entry name="webapp\WEB-INF\templates\loader\authorizationInfo.ftl" shared="false" uninstallMode="2"/>
<entry name="jre\bin\api-ms-win-core-processthreads-l1-1-1.dll" shared="false" uninstallMode="3"/>
<entry name="jre\bin\jawt.dll" shared="false" uninstallMode="3"/>
<entry name="lib\commons-codec-1.7.jar" shared="false" uninstallMode="2"/>
<entry name="jre\bin\java.dll" shared="false" uninstallMode="3"/>
<entry name="webapp\resources\images\Info-Shadow_1300-x-60.png" shared="false" uninstallMode="2"/>
<entry name="lib\jetty-http-9.4.44.v20210927.jar" shared="false" uninstallMode="2"/>
<entry name="webapp\resources\styles.css" shared="false" uninstallMode="2"/>
<entry name="webapp\resources\js\main\login.js" shared="false" uninstallMode="2"/>
<entry name="webapp\resources\jquery-ui\images\ui-icons_2e83ff_256x240.png" shared="false" uninstallMode="2"/>
<entry name="webapp\resources\images\gta-big.png" shared="false" uninstallMode="2"/>
<entry name="webapp\resources\images\gta-small.png" shared="false" uninstallMode="2"/>
<entry name="webapp\resources\js\jquerymx-3.2.custom.js" shared="false" uninstallMode="2"/>
<entry name="lib\postgresql-42.4.0.jar" shared="false" uninstallMode="2"/>
<entry name="jre\bin\j2pkcs11.dll" shared="false" uninstallMode="3"/>
<entry name="jre\lib\fonts\LucidaTypewriterRegular.ttf" shared="false" uninstallMode="3"/>
<entry name="jre\bin\dcpr.dll" shared="false" uninstallMode="3"/>
<entry name="lib\stax-api-1.0.1.jar" shared="false" uninstallMode="2"/>
<entry name="webapp\resources\select2\select2.png" shared="false" uninstallMode="2"/>
<entry name="jre\lib\flavormap.properties" shared="false" uninstallMode="3"/>
<entry name="jre\release" shared="false" uninstallMode="3"/>
<entry name="jre\lib\images\cursors\win32_CopyDrop32x32.gif" shared="false" uninstallMode="3"/>
<entry name="jre\bin\dt_socket.dll" shared="false" uninstallMode="3"/>
<entry name="webapp\WEB-INF\templates\freemarker\menu.ftl" shared="false" uninstallMode="2"/>
<entry name="lib\spring-core-5.3.18.jar" shared="false" uninstallMode="2"/>
<entry name="webapp\WEB-INF\templates\home.ftl" shared="false" uninstallMode="2"/>
<entry name="jre\bin\prism_d3d.dll" shared="false" uninstallMode="3"/>
<entry name="webapp\resources\jquery-ui\images\ui-icons_cd0a0a_256x240.png" shared="false" uninstallMode="2"/>
<entry name="webapp\resources\js\jquery.cookies.2.2.0.min.js" shared="false" uninstallMode="2"/>
<entry name="lib\hsqldb-2.4.1.jar" shared="false" uninstallMode="2"/>
<entry name="jre\THIRDPARTYLICENSEREADME-JAVAFX.txt" shared="false" uninstallMode="3"/>
<entry name="jre\lib\javafx.properties" shared="false" uninstallMode="3"/>
<entry name="jre\bin\w2k_lsa_auth.dll" shared="false" uninstallMode="3"/>
<entry name="lib\cglib-2.2.2.jar" shared="false" uninstallMode="2"/>
<entry name="lib\javax.activation-api-1.2.0.jar" shared="false" uninstallMode="2"/>
<entry name="jre\lib\amd64\server\classes.jsa" shared="false" uninstallMode="0"/>
<entry name="lib\jetty-xml-9.4.44.v20210927.jar" shared="false" uninstallMode="2"/>
<entry name="lib\spring-orm-5.3.18.jar" shared="false" uninstallMode="2"/>
<entry name="jre\bin\kinit.exe" shared="false" uninstallMode="3"/>
<entry name="jre\lib\psfontj2d.properties" shared="false" uninstallMode="3"/>
<entry name="jre\bin\api-ms-win-core-file-l2-1-0.dll" shared="false" uninstallMode="3"/>
<entry name="jre\lib\jfr.jar" shared="false" uninstallMode="3"/>
<entry name="webapp\resources\jquery-ui\images\ui-bg_glass_75_e6e6e6_1x400.png" shared="false" uninstallMode="2"/>
<entry name="lib\jaxb-runtime-2.3.1.jar" shared="false" uninstallMode="2"/>
<entry name="jre\lib\currency.data" shared="false" uninstallMode="3"/>
<entry name="jre\bin\zip.dll" shared="false" uninstallMode="3"/>
<entry name="jre\bin\javafx_font.dll" shared="false" uninstallMode="3"/>
<entry name="lib\commons-logging-1.1.3.jar" shared="false" uninstallMode="2"/>
<entry name="jre\bin\awt.dll" shared="false" uninstallMode="3"/>
<entry name="jre\bin\api-ms-win-core-file-l1-2-0.dll" shared="false" uninstallMode="3"/>
<entry name=".install4j\i4j_extf_7_1ou2k3i.jpg" shared="false" uninstallMode="2"/>
<entry name="lib\poi-ooxml-3.8.jar" shared="false" uninstallMode="2"/>
<entry name="jre\bin\msvcp140.dll" shared="false" uninstallMode="3"/>
<entry name="jre\bin\jp2ssv.dll" shared="false" uninstallMode="3"/>
<entry name="jre\lib\deploy\messages_fr.properties" shared="false" uninstallMode="3"/>
</createdFiles>
<createdDirs>
<entry name="C:\ProgramData\Microsoft\Windows\Start Menu\Programs\Greytip Astra" shared="false" uninstallMode="0"/>
<entry name="webapp\WEB-INF\templates\loader" shared="false" uninstallMode="0"/>
<entry name="webapp\WEB-INF\templates\freemarker" shared="false" uninstallMode="0"/>
<entry name="webapp\WEB-INF\templates" shared="false" uninstallMode="0"/>
<entry name="webapp\WEB-INF" shared="false" uninstallMode="0"/>
<entry name="webapp\resources\select2" shared="false" uninstallMode="0"/>
<entry name="webapp\resources\js\main" shared="false" uninstallMode="0"/>
<entry name="webapp\resources\js\loader" shared="false" uninstallMode="0"/>
<entry name="webapp\resources\js" shared="false" uninstallMode="0"/>
<entry name="webapp\resources\jquery-ui\images" shared="false" uninstallMode="0"/>
<entry name="webapp\resources\jquery-ui" shared="false" uninstallMode="0"/>
<entry name="webapp\resources\images" shared="false" uninstallMode="0"/>
<entry name="webapp\resources\bootstrap\img" shared="false" uninstallMode="0"/>
<entry name="webapp\resources\bootstrap\css" shared="false" uninstallMode="0"/>
<entry name="webapp\resources\bootstrap" shared="false" uninstallMode="0"/>
<entry name="webapp\resources" shared="false" uninstallMode="0"/>
<entry name="webapp" shared="false" uninstallMode="0"/>
<entry name="maven-status\maven-compiler-plugin\testCompile\default-testCompile" shared="false" uninstallMode="0"/>
<entry name="maven-status\maven-compiler-plugin\testCompile" shared="false" uninstallMode="0"/>
<entry name="maven-status\maven-compiler-plugin\compile\default-compile" shared="false" uninstallMode="0"/>
<entry name="maven-status\maven-compiler-plugin\compile" shared="false" uninstallMode="0"/>
<entry name="maven-status\maven-compiler-plugin" shared="false" uninstallMode="0"/>
<entry name="maven-status" shared="false" uninstallMode="0"/>
<entry name="lib" shared="false" uninstallMode="0"/>
<entry name="jre\lib\security\policy\unlimited" shared="false" uninstallMode="3"/>
<entry name="jre\lib\security\policy\limited" shared="false" uninstallMode="3"/>
<entry name="jre\lib\security\policy" shared="false" uninstallMode="3"/>
<entry name="jre\lib\security" shared="false" uninstallMode="3"/>
<entry name="jre\lib\management" shared="false" uninstallMode="3"/>
<entry name="jre\lib\jfr" shared="false" uninstallMode="3"/>
<entry name="jre\lib\images\cursors" shared="false" uninstallMode="3"/>
<entry name="jre\lib\images" shared="false" uninstallMode="3"/>
<entry name="jre\lib\i386" shared="false" uninstallMode="3"/>
<entry name="jre\lib\fonts" shared="false" uninstallMode="3"/>
<entry name="jre\lib\ext" shared="false" uninstallMode="3"/>
<entry name="jre\lib\deploy" shared="false" uninstallMode="3"/>
<entry name="jre\lib\cmm" shared="false" uninstallMode="3"/>
<entry name="jre\lib\applet" shared="false" uninstallMode="3"/>
<entry name="jre\lib" shared="false" uninstallMode="3"/>
<entry name="jre\bin\client" shared="false" uninstallMode="3"/>
<entry name="jre\bin" shared="false" uninstallMode="3"/>
<entry name="jre" shared="false" uninstallMode="3"/>
<entry name="generated-test-sources\test-annotations" shared="false" uninstallMode="0"/>
<entry name="generated-test-sources" shared="false" uninstallMode="0"/>
<entry name="generated-sources\annotations" shared="false" uninstallMode="0"/>
<entry name="generated-sources" shared="false" uninstallMode="0"/>
<entry name=".install4j" shared="false" uninstallMode="2"/>
<entry name="." shared="false" uninstallMode="0"/>
</createdDirs>
</fileLog>
